09:53:25:968  INFO 19424 --- [main] com.hmall.cart.CartApplication           : Starting CartApplication using Java 11.0.22 on Dpbiceps with PID 19424 (D:\JavaWeb\springcloud\hmall\cart-service\target\classes started by Dp in D:\JavaWeb\springcloud\hmall)
09:53:25:974 DEBUG 19424 --- [main] com.hmall.cart.CartApplication           : Running with Spring Boot v2.7.12, Spring v5.3.27
09:53:25:974  INFO 19424 --- [main] com.hmall.cart.CartApplication           : The following 1 profile is active: "local"
09:53:27:463  INFO 19424 --- [main] o.s.cloud.context.scope.GenericScope     : BeanFactory id=3eef8d73-60f3-3978-bd05-69f3caec6769
09:53:28:144  INFO 19424 --- [main] o.s.b.w.embedded.tomcat.TomcatWebServer  : Tomcat initialized with port(s): 8082 (http)
09:53:28:144  INFO 19424 --- [main] o.a.catalina.core.AprLifecycleListener   : Loaded Apache Tomcat Native library [1.2.37] using APR version [1.7.4].
09:53:28:144  INFO 19424 --- [main] o.a.catalina.core.AprLifecycleListener   : APR capabilities: IPv6 [true], sendfile [true], accept filters [false], random [true], UDS [true].
09:53:28:144  INFO 19424 --- [main] o.a.catalina.core.AprLifecycleListener   : APR/OpenSSL configuration: useAprConnector [false], useOpenSSL [true]
09:53:28:153  INFO 19424 --- [main] o.a.catalina.core.AprLifecycleListener   : OpenSSL successfully initialized [OpenSSL 1.1.1u  30 May 2023]
09:53:28:165  INFO 19424 --- [main] o.apache.catalina.core.StandardService   : Starting service [Tomcat]
09:53:28:166  INFO 19424 --- [main] org.apache.catalina.core.StandardEngine  : Starting Servlet engine: [Apache Tomcat/9.0.75]
09:53:28:360  INFO 19424 --- [main] o.a.c.c.C.[Tomcat].[localhost].[/]       : Initializing Spring embedded WebApplicationContext
09:53:28:360  INFO 19424 --- [main] w.s.c.ServletWebServerApplicationContext : Root WebApplicationContext: initialization completed in 2304 ms
09:53:28:659  INFO 19424 --- [main] o.s.c.openfeign.FeignClientFactoryBean   : For 'item-service' URL not provided. Will try picking an instance via load-balancing.
09:53:32:074  INFO 19424 --- [main] pertySourcedRequestMappingHandlerMapping : Mapped URL path [/v2/api-docs] onto method [springfox.documentation.swagger2.web.Swagger2ControllerWebMvc#getDocumentation(String, HttpServletRequest)]
09:53:33:473  INFO 19424 --- [main] com.alibaba.nacos.common.remote.client   : [RpcClientFactory] create a new rpc client of c98672f5-416e-4dc6-8ec3-c3ce806d42f2
09:53:33:524  INFO 19424 --- [main] org.reflections.Reflections              : Reflections took 33 ms to scan 1 urls, producing 3 keys and 6 values 
09:53:33:579  INFO 19424 --- [main] org.reflections.Reflections              : Reflections took 21 ms to scan 1 urls, producing 4 keys and 9 values 
09:53:33:599  INFO 19424 --- [main] org.reflections.Reflections              : Reflections took 15 ms to scan 1 urls, producing 3 keys and 10 values 
09:53:33:602  WARN 19424 --- [main] org.reflections.Reflections              : given scan urls are empty. set urls in the configuration
09:53:33:614  INFO 19424 --- [main] org.reflections.Reflections              : Reflections took 12 ms to scan 1 urls, producing 1 keys and 5 values 
09:53:33:625  INFO 19424 --- [main] org.reflections.Reflections              : Reflections took 5 ms to scan 1 urls, producing 1 keys and 7 values 
09:53:33:635  INFO 19424 --- [main] org.reflections.Reflections              : Reflections took 5 ms to scan 1 urls, producing 2 keys and 8 values 
09:53:33:635  WARN 19424 --- [main] org.reflections.Reflections              : given scan urls are empty. set urls in the configuration
09:53:33:635  INFO 19424 --- [main] com.alibaba.nacos.common.remote.client   : [c98672f5-416e-4dc6-8ec3-c3ce806d42f2] RpcClient init label, labels = {module=naming, source=sdk}
09:53:33:635  INFO 19424 --- [main] com.alibaba.nacos.common.remote.client   : [c98672f5-416e-4dc6-8ec3-c3ce806d42f2] RpcClient init, ServerListFactory = com.alibaba.nacos.client.naming.core.ServerListManager
09:53:33:635  INFO 19424 --- [main] com.alibaba.nacos.common.remote.client   : [c98672f5-416e-4dc6-8ec3-c3ce806d42f2] Registry connection listener to current client:com.alibaba.nacos.client.naming.remote.gprc.redo.NamingGrpcRedoService
09:53:33:646  INFO 19424 --- [main] com.alibaba.nacos.common.remote.client   : [c98672f5-416e-4dc6-8ec3-c3ce806d42f2] Register server push request handler:com.alibaba.nacos.client.naming.remote.gprc.NamingPushRequestHandler
09:53:33:648  INFO 19424 --- [main] com.alibaba.nacos.common.remote.client   : [c98672f5-416e-4dc6-8ec3-c3ce806d42f2] Try to connect to server on start up, server: {serverIp = '192.168.31.128', server main port = 8848}
09:53:36:169  INFO 19424 --- [main] com.alibaba.nacos.common.remote.client   : [c98672f5-416e-4dc6-8ec3-c3ce806d42f2] Success to connect to server [192.168.31.128:8848] on start up, connectionId = 1715738015953_192.168.31.1_61194
09:53:36:169  INFO 19424 --- [com.alibaba.nacos.client.remote.worker] com.alibaba.nacos.common.remote.client   : [c98672f5-416e-4dc6-8ec3-c3ce806d42f2] Notify connected event to listeners.
09:53:36:173  INFO 19424 --- [main] com.alibaba.nacos.common.remote.client   : [c98672f5-416e-4dc6-8ec3-c3ce806d42f2] Register server push request handler:com.alibaba.nacos.common.remote.client.RpcClient$ConnectResetRequestHandler
09:53:36:173  INFO 19424 --- [main] com.alibaba.nacos.common.remote.client   : [c98672f5-416e-4dc6-8ec3-c3ce806d42f2] Register server push request handler:com.alibaba.nacos.common.remote.client.RpcClient$$Lambda$1022/0x0000000800713840
09:53:36:251  INFO 19424 --- [main] o.s.b.w.embedded.tomcat.TomcatWebServer  : Tomcat started on port(s): 8082 (http) with context path ''
09:53:36:265  INFO 19424 --- [main] c.a.c.n.registry.NacosServiceRegistry    : nacos registry, DEFAULT_GROUP cart-service 192.168.31.1:8082 register finished
09:53:36:790  INFO 19424 --- [nacos-grpc-client-executor-10] com.alibaba.nacos.common.remote.client   : [c98672f5-416e-4dc6-8ec3-c3ce806d42f2] Receive server push request, request = NotifySubscriberRequest, requestId = 39
09:53:36:794  INFO 19424 --- [nacos-grpc-client-executor-10] com.alibaba.nacos.common.remote.client   : [c98672f5-416e-4dc6-8ec3-c3ce806d42f2] Ack server push request, request = NotifySubscriberRequest, requestId = 39
09:53:37:003  INFO 19424 --- [main] d.s.w.p.DocumentationPluginsBootstrapper : Documentation plugins bootstrapped
09:53:37:006  INFO 19424 --- [main] d.s.w.p.DocumentationPluginsBootstrapper : Found 1 custom documentation plugin(s)
09:53:37:029  INFO 19424 --- [main] s.d.s.w.s.ApiListingReferenceScanner     : Scanning for api listing references
09:53:37:126  INFO 19424 --- [main] com.hmall.cart.CartApplication           : Started CartApplication in 12.706 seconds (JVM running for 13.887)
10:15:59:799  WARN 19424 --- [Thread-4] c.a.nacos.common.notify.NotifyCenter     : [NotifyCenter] Start destroying Publisher
10:15:59:799  WARN 19424 --- [Thread-7] c.a.n.common.http.HttpClientBeanHolder   : [HttpClientBeanHolder] Start destroying common HttpClient
10:15:59:799  WARN 19424 --- [Thread-4] c.a.nacos.common.notify.NotifyCenter     : [NotifyCenter] Destruction of the end
10:15:59:799  WARN 19424 --- [Thread-7] c.a.n.common.http.HttpClientBeanHolder   : [HttpClientBeanHolder] Destruction of the end
10:16:00:580  INFO 19424 --- [SpringApplicationShutdownHook] c.a.c.n.registry.NacosServiceRegistry    : De-registering from Nacos Server now...
10:16:00:585  INFO 19424 --- [SpringApplicationShutdownHook] c.a.c.n.registry.NacosServiceRegistry    : De-registration finished.
10:16:00:903  INFO 19424 --- [SpringApplicationShutdownHook] com.alibaba.nacos.common.remote.client   : Shutdown rpc client, set status to shutdown
10:16:00:903  INFO 19424 --- [SpringApplicationShutdownHook] com.alibaba.nacos.common.remote.client   : Shutdown client event executor java.util.concurrent.ScheduledThreadPoolExecutor@17c4d86e[Running, pool size = 2, active threads = 2, queued tasks = 0, completed tasks = 0]
10:16:00:903  INFO 19424 --- [SpringApplicationShutdownHook] com.alibaba.nacos.common.remote.client   : Close current connection 1715738015953_192.168.31.1_61194
10:16:00:905  INFO 19424 --- [nacos-grpc-client-executor-282] c.a.n.c.remote.client.grpc.GrpcClient    : [1715738015953_192.168.31.1_61194]Ignore complete event,isRunning:false,isAbandon=false
10:16:00:909  INFO 19424 --- [SpringApplicationShutdownHook] c.a.n.c.remote.client.grpc.GrpcClient    : Shutdown grpc executor java.util.concurrent.ThreadPoolExecutor@3a25339e[Running, pool size = 5, active threads = 0, queued tasks = 0, completed tasks = 283]
14:48:29:149  INFO 8152 --- [main] com.hmall.cart.CartApplication           : Starting CartApplication using Java 11.0.22 on Dpbiceps with PID 8152 (D:\JavaWeb\springcloud\hmall\cart-service\target\classes started by Dp in D:\JavaWeb\springcloud\hmall)
14:48:29:158 DEBUG 8152 --- [main] com.hmall.cart.CartApplication           : Running with Spring Boot v2.7.12, Spring v5.3.27
14:48:29:158  INFO 8152 --- [main] com.hmall.cart.CartApplication           : The following 1 profile is active: "local"
14:48:30:061  INFO 8152 --- [main] o.s.cloud.context.scope.GenericScope     : BeanFactory id=3eef8d73-60f3-3978-bd05-69f3caec6769
14:48:30:367  INFO 8152 --- [main] o.s.b.w.embedded.tomcat.TomcatWebServer  : Tomcat initialized with port(s): 8082 (http)
14:48:30:367  INFO 8152 --- [main] o.a.catalina.core.AprLifecycleListener   : Loaded Apache Tomcat Native library [1.2.37] using APR version [1.7.4].
14:48:30:367  INFO 8152 --- [main] o.a.catalina.core.AprLifecycleListener   : APR capabilities: IPv6 [true], sendfile [true], accept filters [false], random [true], UDS [true].
14:48:30:367  INFO 8152 --- [main] o.a.catalina.core.AprLifecycleListener   : APR/OpenSSL configuration: useAprConnector [false], useOpenSSL [true]
14:48:30:369  INFO 8152 --- [main] o.a.catalina.core.AprLifecycleListener   : OpenSSL successfully initialized [OpenSSL 1.1.1u  30 May 2023]
14:48:30:379  INFO 8152 --- [main] o.apache.catalina.core.StandardService   : Starting service [Tomcat]
14:48:30:380  INFO 8152 --- [main] org.apache.catalina.core.StandardEngine  : Starting Servlet engine: [Apache Tomcat/9.0.75]
14:48:30:507  INFO 8152 --- [main] o.a.c.c.C.[Tomcat].[localhost].[/]       : Initializing Spring embedded WebApplicationContext
14:48:30:507  INFO 8152 --- [main] w.s.c.ServletWebServerApplicationContext : Root WebApplicationContext: initialization completed in 1313 ms
14:48:30:729  INFO 8152 --- [main] o.s.c.openfeign.FeignClientFactoryBean   : For 'item-service' URL not provided. Will try picking an instance via load-balancing.
14:48:32:895  INFO 8152 --- [main] pertySourcedRequestMappingHandlerMapping : Mapped URL path [/v2/api-docs] onto method [springfox.documentation.swagger2.web.Swagger2ControllerWebMvc#getDocumentation(String, HttpServletRequest)]
14:48:33:985  INFO 8152 --- [main] com.alibaba.nacos.common.remote.client   : [RpcClientFactory] create a new rpc client of 972f1c00-fce2-4011-84e9-422eb7c50d80
14:48:34:041  INFO 8152 --- [main] org.reflections.Reflections              : Reflections took 25 ms to scan 1 urls, producing 3 keys and 6 values 
14:48:34:072  INFO 8152 --- [main] org.reflections.Reflections              : Reflections took 12 ms to scan 1 urls, producing 4 keys and 9 values 
14:48:34:089  INFO 8152 --- [main] org.reflections.Reflections              : Reflections took 17 ms to scan 1 urls, producing 3 keys and 10 values 
14:48:34:092  WARN 8152 --- [main] org.reflections.Reflections              : given scan urls are empty. set urls in the configuration
14:48:34:101  INFO 8152 --- [main] org.reflections.Reflections              : Reflections took 8 ms to scan 1 urls, producing 1 keys and 5 values 
14:48:34:122  INFO 8152 --- [main] org.reflections.Reflections              : Reflections took 20 ms to scan 1 urls, producing 1 keys and 7 values 
14:48:34:127  INFO 8152 --- [main] org.reflections.Reflections              : Reflections took 5 ms to scan 1 urls, producing 2 keys and 8 values 
14:48:34:136  WARN 8152 --- [main] org.reflections.Reflections              : given scan urls are empty. set urls in the configuration
14:48:34:137  INFO 8152 --- [main] com.alibaba.nacos.common.remote.client   : [972f1c00-fce2-4011-84e9-422eb7c50d80] RpcClient init label, labels = {module=naming, source=sdk}
14:48:34:138  INFO 8152 --- [main] com.alibaba.nacos.common.remote.client   : [972f1c00-fce2-4011-84e9-422eb7c50d80] RpcClient init, ServerListFactory = com.alibaba.nacos.client.naming.core.ServerListManager
14:48:34:140  INFO 8152 --- [main] com.alibaba.nacos.common.remote.client   : [972f1c00-fce2-4011-84e9-422eb7c50d80] Registry connection listener to current client:com.alibaba.nacos.client.naming.remote.gprc.redo.NamingGrpcRedoService
14:48:34:140  INFO 8152 --- [main] com.alibaba.nacos.common.remote.client   : [972f1c00-fce2-4011-84e9-422eb7c50d80] Register server push request handler:com.alibaba.nacos.client.naming.remote.gprc.NamingPushRequestHandler
14:48:34:142  INFO 8152 --- [main] com.alibaba.nacos.common.remote.client   : [972f1c00-fce2-4011-84e9-422eb7c50d80] Try to connect to server on start up, server: {serverIp = '192.168.31.128', server main port = 8848}
14:48:36:946  INFO 8152 --- [main] com.alibaba.nacos.common.remote.client   : [972f1c00-fce2-4011-84e9-422eb7c50d80] Success to connect to server [192.168.31.128:8848] on start up, connectionId = 1715755716727_192.168.31.1_50313
14:48:36:947  INFO 8152 --- [com.alibaba.nacos.client.remote.worker] com.alibaba.nacos.common.remote.client   : [972f1c00-fce2-4011-84e9-422eb7c50d80] Notify connected event to listeners.
14:48:36:948  INFO 8152 --- [main] com.alibaba.nacos.common.remote.client   : [972f1c00-fce2-4011-84e9-422eb7c50d80] Register server push request handler:com.alibaba.nacos.common.remote.client.RpcClient$ConnectResetRequestHandler
14:48:36:949  INFO 8152 --- [main] com.alibaba.nacos.common.remote.client   : [972f1c00-fce2-4011-84e9-422eb7c50d80] Register server push request handler:com.alibaba.nacos.common.remote.client.RpcClient$$Lambda$1022/0x0000000800714440
14:48:37:002  INFO 8152 --- [main] o.s.b.w.embedded.tomcat.TomcatWebServer  : Tomcat started on port(s): 8082 (http) with context path ''
14:48:37:020  INFO 8152 --- [main] c.a.c.n.registry.NacosServiceRegistry    : nacos registry, DEFAULT_GROUP cart-service 192.168.31.1:8082 register finished
14:48:37:518  INFO 8152 --- [nacos-grpc-client-executor-9] com.alibaba.nacos.common.remote.client   : [972f1c00-fce2-4011-84e9-422eb7c50d80] Receive server push request, request = NotifySubscriberRequest, requestId = 59
14:48:37:523  INFO 8152 --- [nacos-grpc-client-executor-9] com.alibaba.nacos.common.remote.client   : [972f1c00-fce2-4011-84e9-422eb7c50d80] Ack server push request, request = NotifySubscriberRequest, requestId = 59
14:48:38:078  INFO 8152 --- [main] d.s.w.p.DocumentationPluginsBootstrapper : Documentation plugins bootstrapped
14:48:38:078  INFO 8152 --- [main] d.s.w.p.DocumentationPluginsBootstrapper : Found 1 custom documentation plugin(s)
14:48:38:110  INFO 8152 --- [main] s.d.s.w.s.ApiListingReferenceScanner     : Scanning for api listing references
14:48:38:210  INFO 8152 --- [main] com.hmall.cart.CartApplication           : Started CartApplication in 10.035 seconds (JVM running for 11.059)
14:48:48:703  INFO 8152 --- [http-nio-8082-exec-1] o.a.c.c.C.[Tomcat].[localhost].[/]       : Initializing Spring DispatcherServlet 'dispatcherServlet'
14:48:48:703  INFO 8152 --- [http-nio-8082-exec-1] o.s.web.servlet.DispatcherServlet        : Initializing Servlet 'dispatcherServlet'
14:48:48:703  INFO 8152 --- [http-nio-8082-exec-1] o.s.web.servlet.DispatcherServlet        : Completed initialization in 0 ms
14:48:56:986  INFO 8152 --- [http-nio-8082-exec-3] com.zaxxer.hikari.HikariDataSource       : HikariPool-1 - Starting...
14:48:57:199  INFO 8152 --- [http-nio-8082-exec-3] com.zaxxer.hikari.HikariDataSource       : HikariPool-1 - Start completed.
14:48:57:204 DEBUG 8152 --- [http-nio-8082-exec-3] c.h.cart.mapper.CartMapper.selectList    : ==>  Preparing: SELECT id,user_id,item_id,num,name,spec,price,image,create_time,update_time FROM cart WHERE (user_id = ?)
14:48:57:214 DEBUG 8152 --- [http-nio-8082-exec-3] c.h.cart.mapper.CartMapper.selectList    : ==> Parameters: 1(Long)
14:48:57:236 DEBUG 8152 --- [http-nio-8082-exec-3] c.h.cart.mapper.CartMapper.selectList    : <==      Total: 1
14:48:57:284 DEBUG 8152 --- [http-nio-8082-exec-3] com.hmall.api.client.ItemClient          : [ItemClient#queryItemsByIds] ---> GET http://item-service/items?ids=100000006163 HTTP/1.1
14:48:57:284 DEBUG 8152 --- [http-nio-8082-exec-3] com.hmall.api.client.ItemClient          : [ItemClient#queryItemsByIds] ---> END HTTP (0-byte body)
14:48:57:706 DEBUG 8152 --- [http-nio-8082-exec-3] com.hmall.api.client.ItemClient          : [ItemClient#queryItemsByIds] <--- HTTP/1.1 200  (420ms)
14:48:57:706 DEBUG 8152 --- [http-nio-8082-exec-3] com.hmall.api.client.ItemClient          : [ItemClient#queryItemsByIds] connection: keep-alive
14:48:57:706 DEBUG 8152 --- [http-nio-8082-exec-3] com.hmall.api.client.ItemClient          : [ItemClient#queryItemsByIds] content-type: application/json
14:48:57:707 DEBUG 8152 --- [http-nio-8082-exec-3] com.hmall.api.client.ItemClient          : [ItemClient#queryItemsByIds] date: Wed, 15 May 2024 06:48:57 GMT
14:48:57:707 DEBUG 8152 --- [http-nio-8082-exec-3] com.hmall.api.client.ItemClient          : [ItemClient#queryItemsByIds] keep-alive: timeout=60
14:48:57:707 DEBUG 8152 --- [http-nio-8082-exec-3] com.hmall.api.client.ItemClient          : [ItemClient#queryItemsByIds] transfer-encoding: chunked
14:48:57:707 DEBUG 8152 --- [http-nio-8082-exec-3] com.hmall.api.client.ItemClient          : [ItemClient#queryItemsByIds] 
14:48:57:708 DEBUG 8152 --- [http-nio-8082-exec-3] com.hmall.api.client.ItemClient          : [ItemClient#queryItemsByIds] [{"id":"100000006163","name":"巴布豆(BOBDOG)柔薄悦动婴儿拉拉裤XXL码80片(15kg以上)","price":67100,"stock":10000,"image":"https://m.360buyimg.com/mobilecms/s720x720_jfs/t23998/350/2363990466/222391/a6e9581d/5b7cba5bN0c18fb4f.jpg!q70.jpg.webp","category":"拉拉裤","brand":"巴布豆","spec":"{}","sold":11,"commentCount":33343434,"isAD":false,"status":2}]
14:48:57:708 DEBUG 8152 --- [http-nio-8082-exec-3] com.hmall.api.client.ItemClient          : [ItemClient#queryItemsByIds] <--- END HTTP (371-byte body)
14:48:57:955  INFO 8152 --- [nacos-grpc-client-executor-15] com.alibaba.nacos.common.remote.client   : [972f1c00-fce2-4011-84e9-422eb7c50d80] Receive server push request, request = NotifySubscriberRequest, requestId = 63
14:48:57:957  INFO 8152 --- [nacos-grpc-client-executor-15] com.alibaba.nacos.common.remote.client   : [972f1c00-fce2-4011-84e9-422eb7c50d80] Ack server push request, request = NotifySubscriberRequest, requestId = 63
14:52:12:457  WARN 8152 --- [Thread-4] c.a.nacos.common.notify.NotifyCenter     : [NotifyCenter] Start destroying Publisher
14:52:12:457  WARN 8152 --- [Thread-7] c.a.n.common.http.HttpClientBeanHolder   : [HttpClientBeanHolder] Start destroying common HttpClient
14:52:12:457  WARN 8152 --- [Thread-4] c.a.nacos.common.notify.NotifyCenter     : [NotifyCenter] Destruction of the end
14:52:12:457  WARN 8152 --- [Thread-7] c.a.n.common.http.HttpClientBeanHolder   : [HttpClientBeanHolder] Destruction of the end
14:52:12:879  INFO 8152 --- [SpringApplicationShutdownHook] c.a.c.n.registry.NacosServiceRegistry    : De-registering from Nacos Server now...
14:52:12:893  INFO 8152 --- [SpringApplicationShutdownHook] c.a.c.n.registry.NacosServiceRegistry    : De-registration finished.
14:52:13:222  INFO 8152 --- [SpringApplicationShutdownHook] com.alibaba.nacos.common.remote.client   : Shutdown rpc client, set status to shutdown
14:52:13:222  INFO 8152 --- [SpringApplicationShutdownHook] com.alibaba.nacos.common.remote.client   : Shutdown client event executor java.util.concurrent.ScheduledThreadPoolExecutor@71228112[Running, pool size = 2, active threads = 2, queued tasks = 0, completed tasks = 0]
14:52:13:222  INFO 8152 --- [SpringApplicationShutdownHook] com.alibaba.nacos.common.remote.client   : Close current connection 1715755716727_192.168.31.1_50313
14:52:13:224  INFO 8152 --- [nacos-grpc-client-executor-58] c.a.n.c.remote.client.grpc.GrpcClient    : [1715755716727_192.168.31.1_50313]Ignore complete event,isRunning:false,isAbandon=false
14:52:13:226  INFO 8152 --- [SpringApplicationShutdownHook] c.a.n.c.remote.client.grpc.GrpcClient    : Shutdown grpc executor java.util.concurrent.ThreadPoolExecutor@5c4fd624[Running, pool size = 5, active threads = 0, queued tasks = 0, completed tasks = 59]
14:52:13:232  INFO 8152 --- [SpringApplicationShutdownHook] com.zaxxer.hikari.HikariDataSource       : HikariPool-1 - Shutdown initiated...
14:52:13:244  INFO 8152 --- [SpringApplicationShutdownHook] com.zaxxer.hikari.HikariDataSource       : HikariPool-1 - Shutdown completed.
