09:53:19:556  INFO 22796 --- [main] com.hmall.item.ItemApplication           : Starting ItemApplication using Java 11.0.22 on Dpbiceps with PID 22796 (D:\JavaWeb\springcloud\hmall\item-service\target\classes started by Dp in D:\JavaWeb\springcloud\hmall)
09:53:19:567 DEBUG 22796 --- [main] com.hmall.item.ItemApplication           : Running with Spring Boot v2.7.12, Spring v5.3.27
09:53:19:567  INFO 22796 --- [main] com.hmall.item.ItemApplication           : The following 1 profile is active: "local"
09:53:20:816  INFO 22796 --- [main] o.s.cloud.context.scope.GenericScope     : BeanFactory id=4d3aa0b9-5907-3465-beb9-0bab4f10c3fb
09:53:21:292  INFO 22796 --- [main] o.s.b.w.embedded.tomcat.TomcatWebServer  : Tomcat initialized with port(s): 8081 (http)
09:53:21:292  INFO 22796 --- [main] o.a.catalina.core.AprLifecycleListener   : Loaded Apache Tomcat Native library [1.2.37] using APR version [1.7.4].
09:53:21:292  INFO 22796 --- [main] o.a.catalina.core.AprLifecycleListener   : APR capabilities: IPv6 [true], sendfile [true], accept filters [false], random [true], UDS [true].
09:53:21:297  INFO 22796 --- [main] o.a.catalina.core.AprLifecycleListener   : APR/OpenSSL configuration: useAprConnector [false], useOpenSSL [true]
09:53:21:297  INFO 22796 --- [main] o.a.catalina.core.AprLifecycleListener   : OpenSSL successfully initialized [OpenSSL 1.1.1u  30 May 2023]
09:53:21:301  INFO 22796 --- [main] o.apache.catalina.core.StandardService   : Starting service [Tomcat]
09:53:21:301  INFO 22796 --- [main] org.apache.catalina.core.StandardEngine  : Starting Servlet engine: [Apache Tomcat/9.0.75]
09:53:21:466  INFO 22796 --- [main] o.a.c.c.C.[Tomcat].[localhost].[/]       : Initializing Spring embedded WebApplicationContext
09:53:21:466  INFO 22796 --- [main] w.s.c.ServletWebServerApplicationContext : Root WebApplicationContext: initialization completed in 1834 ms
09:53:23:404  INFO 22796 --- [main] pertySourcedRequestMappingHandlerMapping : Mapped URL path [/v2/api-docs] onto method [springfox.documentation.swagger2.web.Swagger2ControllerWebMvc#getDocumentation(String, HttpServletRequest)]
09:53:24:198  INFO 22796 --- [main] com.alibaba.nacos.common.remote.client   : [RpcClientFactory] create a new rpc client of 915ca186-517a-44b1-ae5e-d43fc21744af
09:53:24:256  INFO 22796 --- [main] org.reflections.Reflections              : Reflections took 34 ms to scan 1 urls, producing 3 keys and 6 values 
09:53:24:301  INFO 22796 --- [main] org.reflections.Reflections              : Reflections took 23 ms to scan 1 urls, producing 4 keys and 9 values 
09:53:24:320  INFO 22796 --- [main] org.reflections.Reflections              : Reflections took 14 ms to scan 1 urls, producing 3 keys and 10 values 
09:53:24:323  WARN 22796 --- [main] org.reflections.Reflections              : given scan urls are empty. set urls in the configuration
09:53:24:335  INFO 22796 --- [main] org.reflections.Reflections              : Reflections took 12 ms to scan 1 urls, producing 1 keys and 5 values 
09:53:24:348  INFO 22796 --- [main] org.reflections.Reflections              : Reflections took 9 ms to scan 1 urls, producing 1 keys and 7 values 
09:53:24:354  INFO 22796 --- [main] org.reflections.Reflections              : Reflections took 3 ms to scan 1 urls, producing 2 keys and 8 values 
09:53:24:354  WARN 22796 --- [main] org.reflections.Reflections              : given scan urls are empty. set urls in the configuration
09:53:24:362  INFO 22796 --- [main] com.alibaba.nacos.common.remote.client   : [915ca186-517a-44b1-ae5e-d43fc21744af] RpcClient init label, labels = {module=naming, source=sdk}
09:53:24:364  INFO 22796 --- [main] com.alibaba.nacos.common.remote.client   : [915ca186-517a-44b1-ae5e-d43fc21744af] RpcClient init, ServerListFactory = com.alibaba.nacos.client.naming.core.ServerListManager
09:53:24:364  INFO 22796 --- [main] com.alibaba.nacos.common.remote.client   : [915ca186-517a-44b1-ae5e-d43fc21744af] Registry connection listener to current client:com.alibaba.nacos.client.naming.remote.gprc.redo.NamingGrpcRedoService
09:53:24:366  INFO 22796 --- [main] com.alibaba.nacos.common.remote.client   : [915ca186-517a-44b1-ae5e-d43fc21744af] Register server push request handler:com.alibaba.nacos.client.naming.remote.gprc.NamingPushRequestHandler
09:53:24:367  INFO 22796 --- [main] com.alibaba.nacos.common.remote.client   : [915ca186-517a-44b1-ae5e-d43fc21744af] Try to connect to server on start up, server: {serverIp = '192.168.31.128', server main port = 8848}
09:53:27:953  INFO 22796 --- [main] com.alibaba.nacos.common.remote.client   : [915ca186-517a-44b1-ae5e-d43fc21744af] Success to connect to server [192.168.31.128:8848] on start up, connectionId = 1715738007648_192.168.31.1_61112
09:53:27:953  INFO 22796 --- [com.alibaba.nacos.client.remote.worker] com.alibaba.nacos.common.remote.client   : [915ca186-517a-44b1-ae5e-d43fc21744af] Notify connected event to listeners.
09:53:27:953  INFO 22796 --- [main] com.alibaba.nacos.common.remote.client   : [915ca186-517a-44b1-ae5e-d43fc21744af] Register server push request handler:com.alibaba.nacos.common.remote.client.RpcClient$ConnectResetRequestHandler
09:53:27:953  INFO 22796 --- [main] com.alibaba.nacos.common.remote.client   : [915ca186-517a-44b1-ae5e-d43fc21744af] Register server push request handler:com.alibaba.nacos.common.remote.client.RpcClient$$Lambda$934/0x0000000800679840
09:53:28:026  INFO 22796 --- [main] o.s.b.w.embedded.tomcat.TomcatWebServer  : Tomcat started on port(s): 8081 (http) with context path ''
09:53:28:042  INFO 22796 --- [main] c.a.c.n.registry.NacosServiceRegistry    : nacos registry, DEFAULT_GROUP item-service 192.168.31.1:8081 register finished
09:53:28:504  INFO 22796 --- [nacos-grpc-client-executor-9] com.alibaba.nacos.common.remote.client   : [915ca186-517a-44b1-ae5e-d43fc21744af] Receive server push request, request = NotifySubscriberRequest, requestId = 38
09:53:28:507  INFO 22796 --- [nacos-grpc-client-executor-9] com.alibaba.nacos.common.remote.client   : [915ca186-517a-44b1-ae5e-d43fc21744af] Ack server push request, request = NotifySubscriberRequest, requestId = 38
09:53:28:996  INFO 22796 --- [main] d.s.w.p.DocumentationPluginsBootstrapper : Documentation plugins bootstrapped
09:53:28:996  INFO 22796 --- [main] d.s.w.p.DocumentationPluginsBootstrapper : Found 1 custom documentation plugin(s)
09:53:29:032  INFO 22796 --- [main] s.d.s.w.s.ApiListingReferenceScanner     : Scanning for api listing references
09:53:29:212  INFO 22796 --- [main] com.hmall.item.ItemApplication           : Started ItemApplication in 10.994 seconds (JVM running for 12.315)
09:53:50:007  INFO 22796 --- [http-nio-8081-exec-1] o.a.c.c.C.[Tomcat].[localhost].[/]       : Initializing Spring DispatcherServlet 'dispatcherServlet'
09:53:50:007  INFO 22796 --- [http-nio-8081-exec-1] o.s.web.servlet.DispatcherServlet        : Initializing Servlet 'dispatcherServlet'
09:53:50:009  INFO 22796 --- [http-nio-8081-exec-1] o.s.web.servlet.DispatcherServlet        : Completed initialization in 2 ms
09:53:50:137  INFO 22796 --- [http-nio-8081-exec-1] com.zaxxer.hikari.HikariDataSource       : HikariPool-1 - Starting...
09:53:50:414  INFO 22796 --- [http-nio-8081-exec-1] com.zaxxer.hikari.HikariDataSource       : HikariPool-1 - Start completed.
09:53:50:422 DEBUG 22796 --- [http-nio-8081-exec-1] c.h.i.m.ItemMapper.selectList_mpCount    : ==>  Preparing: SELECT COUNT(*) AS total FROM item
09:53:50:440 DEBUG 22796 --- [http-nio-8081-exec-1] c.h.i.m.ItemMapper.selectList_mpCount    : ==> Parameters: 
09:53:51:073 DEBUG 22796 --- [http-nio-8081-exec-1] c.h.i.m.ItemMapper.selectList_mpCount    : <==      Total: 1
09:53:51:091 DEBUG 22796 --- [http-nio-8081-exec-1] c.h.item.mapper.ItemMapper.selectList    : ==>  Preparing: SELECT id, name, price, stock, image, category, brand, spec, sold, comment_count, isAD, status, create_time, update_time, creater, updater FROM item ORDER BY update_time DESC LIMIT ?
09:53:51:091 DEBUG 22796 --- [http-nio-8081-exec-1] c.h.item.mapper.ItemMapper.selectList    : ==> Parameters: 1(Long)
09:53:51:097 DEBUG 22796 --- [http-nio-8081-exec-1] c.h.item.mapper.ItemMapper.selectList    : <==      Total: 1
09:53:54:490 DEBUG 22796 --- [http-nio-8081-exec-2] c.h.i.m.ItemMapper.selectList_mpCount    : ==>  Preparing: SELECT COUNT(*) AS total FROM item
09:53:54:491 DEBUG 22796 --- [http-nio-8081-exec-2] c.h.i.m.ItemMapper.selectList_mpCount    : ==> Parameters: 
09:53:54:499 DEBUG 22796 --- [http-nio-8081-exec-2] c.h.i.m.ItemMapper.selectList_mpCount    : <==      Total: 1
09:53:54:505 DEBUG 22796 --- [http-nio-8081-exec-2] c.h.item.mapper.ItemMapper.selectList    : ==>  Preparing: SELECT id, name, price, stock, image, category, brand, spec, sold, comment_count, isAD, status, create_time, update_time, creater, updater FROM item ORDER BY update_time DESC LIMIT ?
09:53:54:505 DEBUG 22796 --- [http-nio-8081-exec-2] c.h.item.mapper.ItemMapper.selectList    : ==> Parameters: 1(Long)
09:53:54:507 DEBUG 22796 --- [http-nio-8081-exec-2] c.h.item.mapper.ItemMapper.selectList    : <==      Total: 1
09:54:01:784 DEBUG 22796 --- [http-nio-8081-exec-3] c.h.i.m.ItemMapper.selectList_mpCount    : ==>  Preparing: SELECT COUNT(*) AS total FROM item
09:54:01:784 DEBUG 22796 --- [http-nio-8081-exec-3] c.h.i.m.ItemMapper.selectList_mpCount    : ==> Parameters: 
09:54:01:792 DEBUG 22796 --- [http-nio-8081-exec-3] c.h.i.m.ItemMapper.selectList_mpCount    : <==      Total: 1
09:54:01:800 DEBUG 22796 --- [http-nio-8081-exec-3] c.h.item.mapper.ItemMapper.selectList    : ==>  Preparing: SELECT id, name, price, stock, image, category, brand, spec, sold, comment_count, isAD, status, create_time, update_time, creater, updater FROM item ORDER BY update_time DESC LIMIT ?
09:54:01:801 DEBUG 22796 --- [http-nio-8081-exec-3] c.h.item.mapper.ItemMapper.selectList    : ==> Parameters: 10(Long)
09:54:01:806 DEBUG 22796 --- [http-nio-8081-exec-3] c.h.item.mapper.ItemMapper.selectList    : <==      Total: 10
10:15:59:753  WARN 22796 --- [Thread-7] c.a.n.common.http.HttpClientBeanHolder   : [HttpClientBeanHolder] Start destroying common HttpClient
10:15:59:753  WARN 22796 --- [Thread-4] c.a.nacos.common.notify.NotifyCenter     : [NotifyCenter] Start destroying Publisher
10:15:59:753  WARN 22796 --- [Thread-4] c.a.nacos.common.notify.NotifyCenter     : [NotifyCenter] Destruction of the end
10:15:59:760  WARN 22796 --- [Thread-7] c.a.n.common.http.HttpClientBeanHolder   : [HttpClientBeanHolder] Destruction of the end
10:16:00:520  INFO 22796 --- [SpringApplicationShutdownHook] c.a.c.n.registry.NacosServiceRegistry    : De-registering from Nacos Server now...
10:16:00:525  INFO 22796 --- [SpringApplicationShutdownHook] c.a.c.n.registry.NacosServiceRegistry    : De-registration finished.
10:16:00:842  INFO 22796 --- [SpringApplicationShutdownHook] com.alibaba.nacos.common.remote.client   : Shutdown rpc client, set status to shutdown
10:16:00:842  INFO 22796 --- [SpringApplicationShutdownHook] com.alibaba.nacos.common.remote.client   : Shutdown client event executor java.util.concurrent.ScheduledThreadPoolExecutor@f3bd25c[Running, pool size = 2, active threads = 2, queued tasks = 0, completed tasks = 0]
10:16:00:842  INFO 22796 --- [SpringApplicationShutdownHook] com.alibaba.nacos.common.remote.client   : Close current connection 1715738007648_192.168.31.1_61112
10:16:00:844  INFO 22796 --- [nacos-grpc-client-executor-285] c.a.n.c.remote.client.grpc.GrpcClient    : [1715738007648_192.168.31.1_61112]Ignore complete event,isRunning:false,isAbandon=false
10:16:00:849  INFO 22796 --- [SpringApplicationShutdownHook] c.a.n.c.remote.client.grpc.GrpcClient    : Shutdown grpc executor java.util.concurrent.ThreadPoolExecutor@25e80af9[Running, pool size = 5, active threads = 0, queued tasks = 0, completed tasks = 286]
10:16:00:857  INFO 22796 --- [SpringApplicationShutdownHook] com.zaxxer.hikari.HikariDataSource       : HikariPool-1 - Shutdown initiated...
10:16:00:877  INFO 22796 --- [SpringApplicationShutdownHook] com.zaxxer.hikari.HikariDataSource       : HikariPool-1 - Shutdown completed.
10:31:34:644  INFO 24900 --- [main] com.hmall.item.ItemApplication           : Starting ItemApplication using Java 11.0.22 on Dpbiceps with PID 24900 (D:\JavaWeb\springcloud\hmall\item-service\target\classes started by Dp in D:\JavaWeb\springcloud\hmall)
10:31:34:651 DEBUG 24900 --- [main] com.hmall.item.ItemApplication           : Running with Spring Boot v2.7.12, Spring v5.3.27
10:31:34:651  INFO 24900 --- [main] com.hmall.item.ItemApplication           : The following 1 profile is active: "local"
10:31:35:459  INFO 24900 --- [main] o.s.cloud.context.scope.GenericScope     : BeanFactory id=4d3aa0b9-5907-3465-beb9-0bab4f10c3fb
10:31:35:794  INFO 24900 --- [main] o.s.b.w.embedded.tomcat.TomcatWebServer  : Tomcat initialized with port(s): 8081 (http)
10:31:35:794  INFO 24900 --- [main] o.a.catalina.core.AprLifecycleListener   : Loaded Apache Tomcat Native library [1.2.37] using APR version [1.7.4].
10:31:35:794  INFO 24900 --- [main] o.a.catalina.core.AprLifecycleListener   : APR capabilities: IPv6 [true], sendfile [true], accept filters [false], random [true], UDS [true].
10:31:35:794  INFO 24900 --- [main] o.a.catalina.core.AprLifecycleListener   : APR/OpenSSL configuration: useAprConnector [false], useOpenSSL [true]
10:31:35:808  INFO 24900 --- [main] o.a.catalina.core.AprLifecycleListener   : OpenSSL successfully initialized [OpenSSL 1.1.1u  30 May 2023]
10:31:35:819  INFO 24900 --- [main] o.apache.catalina.core.StandardService   : Starting service [Tomcat]
10:31:35:819  INFO 24900 --- [main] org.apache.catalina.core.StandardEngine  : Starting Servlet engine: [Apache Tomcat/9.0.75]
10:31:35:945  INFO 24900 --- [main] o.a.c.c.C.[Tomcat].[localhost].[/]       : Initializing Spring embedded WebApplicationContext
10:31:35:945  INFO 24900 --- [main] w.s.c.ServletWebServerApplicationContext : Root WebApplicationContext: initialization completed in 1260 ms
10:31:37:339  INFO 24900 --- [main] pertySourcedRequestMappingHandlerMapping : Mapped URL path [/v2/api-docs] onto method [springfox.documentation.swagger2.web.Swagger2ControllerWebMvc#getDocumentation(String, HttpServletRequest)]
10:31:37:983  INFO 24900 --- [main] com.alibaba.nacos.common.remote.client   : [RpcClientFactory] create a new rpc client of 1faa4fef-d4d8-4719-8345-99880f31d954
10:31:38:022  INFO 24900 --- [main] org.reflections.Reflections              : Reflections took 26 ms to scan 1 urls, producing 3 keys and 6 values 
10:31:38:057  INFO 24900 --- [main] org.reflections.Reflections              : Reflections took 12 ms to scan 1 urls, producing 4 keys and 9 values 
10:31:38:070  INFO 24900 --- [main] org.reflections.Reflections              : Reflections took 13 ms to scan 1 urls, producing 3 keys and 10 values 
10:31:38:070  WARN 24900 --- [main] org.reflections.Reflections              : given scan urls are empty. set urls in the configuration
10:31:38:082  INFO 24900 --- [main] org.reflections.Reflections              : Reflections took 0 ms to scan 1 urls, producing 1 keys and 5 values 
10:31:38:107  INFO 24900 --- [main] org.reflections.Reflections              : Reflections took 13 ms to scan 1 urls, producing 1 keys and 7 values 
10:31:38:120  INFO 24900 --- [main] org.reflections.Reflections              : Reflections took 13 ms to scan 1 urls, producing 2 keys and 8 values 
10:31:38:123  WARN 24900 --- [main] org.reflections.Reflections              : given scan urls are empty. set urls in the configuration
10:31:38:123  INFO 24900 --- [main] com.alibaba.nacos.common.remote.client   : [1faa4fef-d4d8-4719-8345-99880f31d954] RpcClient init label, labels = {module=naming, source=sdk}
10:31:38:123  INFO 24900 --- [main] com.alibaba.nacos.common.remote.client   : [1faa4fef-d4d8-4719-8345-99880f31d954] RpcClient init, ServerListFactory = com.alibaba.nacos.client.naming.core.ServerListManager
10:31:38:123  INFO 24900 --- [main] com.alibaba.nacos.common.remote.client   : [1faa4fef-d4d8-4719-8345-99880f31d954] Registry connection listener to current client:com.alibaba.nacos.client.naming.remote.gprc.redo.NamingGrpcRedoService
10:31:38:129  INFO 24900 --- [main] com.alibaba.nacos.common.remote.client   : [1faa4fef-d4d8-4719-8345-99880f31d954] Register server push request handler:com.alibaba.nacos.client.naming.remote.gprc.NamingPushRequestHandler
10:31:38:130  INFO 24900 --- [main] com.alibaba.nacos.common.remote.client   : [1faa4fef-d4d8-4719-8345-99880f31d954] Try to connect to server on start up, server: {serverIp = '192.168.31.128', server main port = 8848}
10:31:39:881  INFO 24900 --- [main] com.alibaba.nacos.common.remote.client   : [1faa4fef-d4d8-4719-8345-99880f31d954] Success to connect to server [192.168.31.128:8848] on start up, connectionId = 1715740299694_192.168.31.1_62286
10:31:39:881  INFO 24900 --- [com.alibaba.nacos.client.remote.worker] com.alibaba.nacos.common.remote.client   : [1faa4fef-d4d8-4719-8345-99880f31d954] Notify connected event to listeners.
10:31:39:881  INFO 24900 --- [main] com.alibaba.nacos.common.remote.client   : [1faa4fef-d4d8-4719-8345-99880f31d954] Register server push request handler:com.alibaba.nacos.common.remote.client.RpcClient$ConnectResetRequestHandler
10:31:39:881  INFO 24900 --- [main] com.alibaba.nacos.common.remote.client   : [1faa4fef-d4d8-4719-8345-99880f31d954] Register server push request handler:com.alibaba.nacos.common.remote.client.RpcClient$$Lambda$934/0x000000080067bc40
10:31:39:933  INFO 24900 --- [main] o.s.b.w.embedded.tomcat.TomcatWebServer  : Tomcat started on port(s): 8081 (http) with context path ''
10:31:39:940  INFO 24900 --- [main] c.a.c.n.registry.NacosServiceRegistry    : nacos registry, DEFAULT_GROUP item-service 192.168.31.1:8081 register finished
10:31:40:374  INFO 24900 --- [main] d.s.w.p.DocumentationPluginsBootstrapper : Documentation plugins bootstrapped
10:31:40:386  INFO 24900 --- [main] d.s.w.p.DocumentationPluginsBootstrapper : Found 1 custom documentation plugin(s)
10:31:40:407  INFO 24900 --- [main] s.d.s.w.s.ApiListingReferenceScanner     : Scanning for api listing references
10:31:40:495  INFO 24900 --- [nacos-grpc-client-executor-9] com.alibaba.nacos.common.remote.client   : [1faa4fef-d4d8-4719-8345-99880f31d954] Receive server push request, request = NotifySubscriberRequest, requestId = 43
10:31:40:498  INFO 24900 --- [nacos-grpc-client-executor-9] com.alibaba.nacos.common.remote.client   : [1faa4fef-d4d8-4719-8345-99880f31d954] Ack server push request, request = NotifySubscriberRequest, requestId = 43
10:31:40:517  INFO 24900 --- [main] com.hmall.item.ItemApplication           : Started ItemApplication in 6.794 seconds (JVM running for 7.674)
10:32:10:681  INFO 24900 --- [http-nio-8081-exec-1] o.a.c.c.C.[Tomcat].[localhost].[/]       : Initializing Spring DispatcherServlet 'dispatcherServlet'
10:32:10:681  INFO 24900 --- [http-nio-8081-exec-1] o.s.web.servlet.DispatcherServlet        : Initializing Servlet 'dispatcherServlet'
10:32:10:682  INFO 24900 --- [http-nio-8081-exec-1] o.s.web.servlet.DispatcherServlet        : Completed initialization in 1 ms
10:32:10:812  INFO 24900 --- [http-nio-8081-exec-1] com.zaxxer.hikari.HikariDataSource       : HikariPool-1 - Starting...
10:32:11:081  INFO 24900 --- [http-nio-8081-exec-1] com.zaxxer.hikari.HikariDataSource       : HikariPool-1 - Start completed.
10:32:11:086 DEBUG 24900 --- [http-nio-8081-exec-1] c.h.i.m.ItemMapper.selectList_mpCount    : ==>  Preparing: SELECT COUNT(*) AS total FROM item
10:32:11:102 DEBUG 24900 --- [http-nio-8081-exec-1] c.h.i.m.ItemMapper.selectList_mpCount    : ==> Parameters: 
10:32:11:123 DEBUG 24900 --- [http-nio-8081-exec-1] c.h.i.m.ItemMapper.selectList_mpCount    : <==      Total: 1
10:32:11:137 DEBUG 24900 --- [http-nio-8081-exec-1] c.h.item.mapper.ItemMapper.selectList    : ==>  Preparing: SELECT id, name, price, stock, image, category, brand, spec, sold, comment_count, isAD, status, create_time, update_time, creater, updater FROM item ORDER BY update_time DESC LIMIT ?
10:32:11:137 DEBUG 24900 --- [http-nio-8081-exec-1] c.h.item.mapper.ItemMapper.selectList    : ==> Parameters: 1(Long)
10:32:11:142 DEBUG 24900 --- [http-nio-8081-exec-1] c.h.item.mapper.ItemMapper.selectList    : <==      Total: 1
10:32:34:690 DEBUG 24900 --- [http-nio-8081-exec-3] c.h.i.m.ItemMapper.selectList_mpCount    : ==>  Preparing: SELECT COUNT(*) AS total FROM item
10:32:34:691 DEBUG 24900 --- [http-nio-8081-exec-3] c.h.i.m.ItemMapper.selectList_mpCount    : ==> Parameters: 
10:32:34:692 DEBUG 24900 --- [http-nio-8081-exec-3] c.h.i.m.ItemMapper.selectList_mpCount    : <==      Total: 1
10:32:34:703 DEBUG 24900 --- [http-nio-8081-exec-3] c.h.item.mapper.ItemMapper.selectList    : ==>  Preparing: SELECT id, name, price, stock, image, category, brand, spec, sold, comment_count, isAD, status, create_time, update_time, creater, updater FROM item ORDER BY update_time DESC LIMIT ?
10:32:34:704 DEBUG 24900 --- [http-nio-8081-exec-3] c.h.item.mapper.ItemMapper.selectList    : ==> Parameters: 1(Long)
10:32:34:704 DEBUG 24900 --- [http-nio-8081-exec-3] c.h.item.mapper.ItemMapper.selectList    : <==      Total: 1
10:32:35:924 DEBUG 24900 --- [http-nio-8081-exec-2] c.h.i.m.ItemMapper.selectList_mpCount    : ==>  Preparing: SELECT COUNT(*) AS total FROM item
10:32:35:925 DEBUG 24900 --- [http-nio-8081-exec-2] c.h.i.m.ItemMapper.selectList_mpCount    : ==> Parameters: 
10:32:35:927 DEBUG 24900 --- [http-nio-8081-exec-2] c.h.i.m.ItemMapper.selectList_mpCount    : <==      Total: 1
10:32:35:938 DEBUG 24900 --- [http-nio-8081-exec-2] c.h.item.mapper.ItemMapper.selectList    : ==>  Preparing: SELECT id, name, price, stock, image, category, brand, spec, sold, comment_count, isAD, status, create_time, update_time, creater, updater FROM item ORDER BY update_time DESC LIMIT ?
10:32:35:938 DEBUG 24900 --- [http-nio-8081-exec-2] c.h.item.mapper.ItemMapper.selectList    : ==> Parameters: 1(Long)
10:32:35:940 DEBUG 24900 --- [http-nio-8081-exec-2] c.h.item.mapper.ItemMapper.selectList    : <==      Total: 1
10:32:46:464 DEBUG 24900 --- [http-nio-8081-exec-4] c.h.i.m.ItemMapper.selectList_mpCount    : ==>  Preparing: SELECT COUNT(*) AS total FROM item
10:32:46:464 DEBUG 24900 --- [http-nio-8081-exec-4] c.h.i.m.ItemMapper.selectList_mpCount    : ==> Parameters: 
10:32:46:473 DEBUG 24900 --- [http-nio-8081-exec-4] c.h.i.m.ItemMapper.selectList_mpCount    : <==      Total: 1
10:32:46:473 DEBUG 24900 --- [http-nio-8081-exec-4] c.h.item.mapper.ItemMapper.selectList    : ==>  Preparing: SELECT id, name, price, stock, image, category, brand, spec, sold, comment_count, isAD, status, create_time, update_time, creater, updater FROM item ORDER BY update_time DESC LIMIT ?
10:32:46:473 DEBUG 24900 --- [http-nio-8081-exec-4] c.h.item.mapper.ItemMapper.selectList    : ==> Parameters: 10(Long)
10:32:46:483 DEBUG 24900 --- [http-nio-8081-exec-4] c.h.item.mapper.ItemMapper.selectList    : <==      Total: 10
10:33:08:095 DEBUG 24900 --- [http-nio-8081-exec-5] c.h.i.m.ItemMapper.selectList_mpCount    : ==>  Preparing: SELECT COUNT(*) AS total FROM item WHERE (status = ?)
10:33:08:095 DEBUG 24900 --- [http-nio-8081-exec-5] c.h.i.m.ItemMapper.selectList_mpCount    : ==> Parameters: 1(Integer)
10:33:08:138 DEBUG 24900 --- [http-nio-8081-exec-5] c.h.i.m.ItemMapper.selectList_mpCount    : <==      Total: 1
10:33:08:145 DEBUG 24900 --- [http-nio-8081-exec-5] c.h.item.mapper.ItemMapper.selectList    : ==>  Preparing: SELECT id, name, price, stock, image, category, brand, spec, sold, comment_count, isAD, status, create_time, update_time, creater, updater FROM item WHERE (status = ?) ORDER BY update_time DESC LIMIT ?
10:33:08:145 DEBUG 24900 --- [http-nio-8081-exec-5] c.h.item.mapper.ItemMapper.selectList    : ==> Parameters: 1(Integer), 20(Long)
10:33:08:151 DEBUG 24900 --- [http-nio-8081-exec-5] c.h.item.mapper.ItemMapper.selectList    : <==      Total: 20
10:33:10:586 DEBUG 24900 --- [http-nio-8081-exec-6] c.h.i.m.ItemMapper.selectList_mpCount    : ==>  Preparing: SELECT COUNT(*) AS total FROM item WHERE (status = ?)
10:33:10:586 DEBUG 24900 --- [http-nio-8081-exec-6] c.h.i.m.ItemMapper.selectList_mpCount    : ==> Parameters: 1(Integer)
10:33:10:594 DEBUG 24900 --- [http-nio-8081-exec-6] c.h.i.m.ItemMapper.selectList_mpCount    : <==      Total: 1
10:33:10:600 DEBUG 24900 --- [http-nio-8081-exec-6] c.h.item.mapper.ItemMapper.selectList    : ==>  Preparing: SELECT id, name, price, stock, image, category, brand, spec, sold, comment_count, isAD, status, create_time, update_time, creater, updater FROM item WHERE (status = ?) ORDER BY update_time DESC LIMIT ?
10:33:10:600 DEBUG 24900 --- [http-nio-8081-exec-6] c.h.item.mapper.ItemMapper.selectList    : ==> Parameters: 1(Integer), 20(Long)
10:33:10:606 DEBUG 24900 --- [http-nio-8081-exec-6] c.h.item.mapper.ItemMapper.selectList    : <==      Total: 20
10:33:11:434 DEBUG 24900 --- [http-nio-8081-exec-7] c.h.i.m.ItemMapper.selectList_mpCount    : ==>  Preparing: SELECT COUNT(*) AS total FROM item WHERE (status = ?)
10:33:11:435 DEBUG 24900 --- [http-nio-8081-exec-7] c.h.i.m.ItemMapper.selectList_mpCount    : ==> Parameters: 1(Integer)
10:33:11:439 DEBUG 24900 --- [http-nio-8081-exec-7] c.h.i.m.ItemMapper.selectList_mpCount    : <==      Total: 1
10:33:11:445 DEBUG 24900 --- [http-nio-8081-exec-7] c.h.item.mapper.ItemMapper.selectList    : ==>  Preparing: SELECT id, name, price, stock, image, category, brand, spec, sold, comment_count, isAD, status, create_time, update_time, creater, updater FROM item WHERE (status = ?) ORDER BY update_time DESC LIMIT ?
10:33:11:445 DEBUG 24900 --- [http-nio-8081-exec-7] c.h.item.mapper.ItemMapper.selectList    : ==> Parameters: 1(Integer), 20(Long)
10:33:11:459 DEBUG 24900 --- [http-nio-8081-exec-7] c.h.item.mapper.ItemMapper.selectList    : <==      Total: 20
10:35:05:745 DEBUG 24900 --- [http-nio-8081-exec-9] c.h.i.m.ItemMapper.selectList_mpCount    : ==>  Preparing: SELECT COUNT(*) AS total FROM item WHERE (status = ?)
10:35:05:745 DEBUG 24900 --- [http-nio-8081-exec-9] c.h.i.m.ItemMapper.selectList_mpCount    : ==> Parameters: 1(Integer)
10:35:05:755 DEBUG 24900 --- [http-nio-8081-exec-9] c.h.i.m.ItemMapper.selectList_mpCount    : <==      Total: 1
10:35:05:762 DEBUG 24900 --- [http-nio-8081-exec-9] c.h.item.mapper.ItemMapper.selectList    : ==>  Preparing: SELECT id, name, price, stock, image, category, brand, spec, sold, comment_count, isAD, status, create_time, update_time, creater, updater FROM item WHERE (status = ?) ORDER BY update_time DESC LIMIT ?
10:35:05:764 DEBUG 24900 --- [http-nio-8081-exec-9] c.h.item.mapper.ItemMapper.selectList    : ==> Parameters: 1(Integer), 20(Long)
10:35:05:767 DEBUG 24900 --- [http-nio-8081-exec-9] c.h.item.mapper.ItemMapper.selectList    : <==      Total: 20
14:48:57:639 DEBUG 24900 --- [http-nio-8081-exec-1] c.h.i.mapper.ItemMapper.selectBatchIds   : ==>  Preparing: SELECT id,name,price,stock,image,category,brand,spec,sold,comment_count,isAD,status,create_time,update_time,creater,updater FROM item WHERE id IN ( ? )
14:48:57:647 DEBUG 24900 --- [http-nio-8081-exec-1] c.h.i.mapper.ItemMapper.selectBatchIds   : ==> Parameters: 100000006163(Long)
14:48:57:656 DEBUG 24900 --- [http-nio-8081-exec-1] c.h.i.mapper.ItemMapper.selectBatchIds   : <==      Total: 1
14:49:23:556 DEBUG 24900 --- [http-nio-8081-exec-3] c.h.i.m.ItemMapper.selectList_mpCount    : ==>  Preparing: SELECT COUNT(*) AS total FROM item WHERE (status = ?)
14:49:23:556 DEBUG 24900 --- [http-nio-8081-exec-3] c.h.i.m.ItemMapper.selectList_mpCount    : ==> Parameters: 1(Integer)
14:49:23:569 DEBUG 24900 --- [http-nio-8081-exec-3] c.h.i.m.ItemMapper.selectList_mpCount    : <==      Total: 1
14:49:23:569 DEBUG 24900 --- [http-nio-8081-exec-3] c.h.item.mapper.ItemMapper.selectList    : ==>  Preparing: SELECT id, name, price, stock, image, category, brand, spec, sold, comment_count, isAD, status, create_time, update_time, creater, updater FROM item WHERE (status = ?) ORDER BY update_time DESC LIMIT ?
14:49:23:569 DEBUG 24900 --- [http-nio-8081-exec-3] c.h.item.mapper.ItemMapper.selectList    : ==> Parameters: 1(Integer), 20(Long)
14:49:23:580 DEBUG 24900 --- [http-nio-8081-exec-3] c.h.item.mapper.ItemMapper.selectList    : <==      Total: 20
14:52:12:422  WARN 24900 --- [Thread-7] c.a.n.common.http.HttpClientBeanHolder   : [HttpClientBeanHolder] Start destroying common HttpClient
14:52:12:422  WARN 24900 --- [Thread-4] c.a.nacos.common.notify.NotifyCenter     : [NotifyCenter] Start destroying Publisher
14:52:12:433  WARN 24900 --- [Thread-4] c.a.nacos.common.notify.NotifyCenter     : [NotifyCenter] Destruction of the end
14:52:12:435  WARN 24900 --- [Thread-7] c.a.n.common.http.HttpClientBeanHolder   : [HttpClientBeanHolder] Destruction of the end
14:52:12:952  INFO 24900 --- [SpringApplicationShutdownHook] c.a.c.n.registry.NacosServiceRegistry    : De-registering from Nacos Server now...
14:52:12:958  INFO 24900 --- [SpringApplicationShutdownHook] c.a.c.n.registry.NacosServiceRegistry    : De-registration finished.
14:52:13:281  INFO 24900 --- [SpringApplicationShutdownHook] com.alibaba.nacos.common.remote.client   : Shutdown rpc client, set status to shutdown
14:52:13:281  INFO 24900 --- [SpringApplicationShutdownHook] com.alibaba.nacos.common.remote.client   : Shutdown client event executor java.util.concurrent.ScheduledThreadPoolExecutor@1fee859e[Running, pool size = 2, active threads = 2, queued tasks = 0, completed tasks = 0]
14:52:13:281  INFO 24900 --- [SpringApplicationShutdownHook] com.alibaba.nacos.common.remote.client   : Close current connection 1715740299694_192.168.31.1_62286
14:52:13:286  INFO 24900 --- [nacos-grpc-client-executor-3153] c.a.n.c.remote.client.grpc.GrpcClient    : [1715740299694_192.168.31.1_62286]Ignore complete event,isRunning:false,isAbandon=false
14:52:13:293  INFO 24900 --- [SpringApplicationShutdownHook] c.a.n.c.remote.client.grpc.GrpcClient    : Shutdown grpc executor java.util.concurrent.ThreadPoolExecutor@7602aa59[Running, pool size = 5, active threads = 0, queued tasks = 0, completed tasks = 3154]
14:52:13:306  INFO 24900 --- [SpringApplicationShutdownHook] com.zaxxer.hikari.HikariDataSource       : HikariPool-1 - Shutdown initiated...
14:52:13:321  INFO 24900 --- [SpringApplicationShutdownHook] com.zaxxer.hikari.HikariDataSource       : HikariPool-1 - Shutdown completed.
