09:53:29:534  INFO 3344 --- [main] com.hmall.user.UserApplication           : Starting UserApplication using Java 11.0.22 on Dpbiceps with PID 3344 (D:\JavaWeb\springcloud\hmall\user-service\target\classes started by Dp in D:\JavaWeb\springcloud\hmall)
09:53:29:552 DEBUG 3344 --- [main] com.hmall.user.UserApplication           : Running with Spring Boot v2.7.12, Spring v5.3.27
09:53:29:552  INFO 3344 --- [main] com.hmall.user.UserApplication           : The following 1 profile is active: "local"
09:53:31:304  INFO 3344 --- [main] o.s.cloud.context.scope.GenericScope     : BeanFactory id=58c2869f-cf47-3d1a-b328-e17115ad1ba6
09:53:31:853  INFO 3344 --- [main] o.s.b.w.embedded.tomcat.TomcatWebServer  : Tomcat initialized with port(s): 8083 (http)
09:53:31:853  INFO 3344 --- [main] o.a.catalina.core.AprLifecycleListener   : Loaded Apache Tomcat Native library [1.2.37] using APR version [1.7.4].
09:53:31:853  INFO 3344 --- [main] o.a.catalina.core.AprLifecycleListener   : APR capabilities: IPv6 [true], sendfile [true], accept filters [false], random [true], UDS [true].
09:53:31:853  INFO 3344 --- [main] o.a.catalina.core.AprLifecycleListener   : APR/OpenSSL configuration: useAprConnector [false], useOpenSSL [true]
09:53:31:862  INFO 3344 --- [main] o.a.catalina.core.AprLifecycleListener   : OpenSSL successfully initialized [OpenSSL 1.1.1u  30 May 2023]
09:53:31:873  INFO 3344 --- [main] o.apache.catalina.core.StandardService   : Starting service [Tomcat]
09:53:31:873  INFO 3344 --- [main] org.apache.catalina.core.StandardEngine  : Starting Servlet engine: [Apache Tomcat/9.0.75]
09:53:32:046  INFO 3344 --- [main] o.a.c.c.C.[Tomcat].[localhost].[/]       : Initializing Spring embedded WebApplicationContext
09:53:32:046  INFO 3344 --- [main] w.s.c.ServletWebServerApplicationContext : Root WebApplicationContext: initialization completed in 2403 ms
09:53:35:082  INFO 3344 --- [main] pertySourcedRequestMappingHandlerMapping : Mapped URL path [/v2/api-docs] onto method [springfox.documentation.swagger2.web.Swagger2ControllerWebMvc#getDocumentation(String, HttpServletRequest)]
09:53:36:073  INFO 3344 --- [main] com.alibaba.nacos.common.remote.client   : [RpcClientFactory] create a new rpc client of c268bc61-4808-4b88-880f-d8302fb69dba
09:53:36:114  INFO 3344 --- [main] org.reflections.Reflections              : Reflections took 20 ms to scan 1 urls, producing 3 keys and 6 values 
09:53:36:143  INFO 3344 --- [main] org.reflections.Reflections              : Reflections took 12 ms to scan 1 urls, producing 4 keys and 9 values 
09:53:36:154  INFO 3344 --- [main] org.reflections.Reflections              : Reflections took 11 ms to scan 1 urls, producing 3 keys and 10 values 
09:53:36:160  WARN 3344 --- [main] org.reflections.Reflections              : given scan urls are empty. set urls in the configuration
09:53:36:194  INFO 3344 --- [main] org.reflections.Reflections              : Reflections took 33 ms to scan 1 urls, producing 1 keys and 5 values 
09:53:36:215  INFO 3344 --- [main] org.reflections.Reflections              : Reflections took 19 ms to scan 1 urls, producing 1 keys and 7 values 
09:53:36:232  INFO 3344 --- [main] org.reflections.Reflections              : Reflections took 14 ms to scan 1 urls, producing 2 keys and 8 values 
09:53:36:233  WARN 3344 --- [main] org.reflections.Reflections              : given scan urls are empty. set urls in the configuration
09:53:36:233  INFO 3344 --- [main] com.alibaba.nacos.common.remote.client   : [c268bc61-4808-4b88-880f-d8302fb69dba] RpcClient init label, labels = {module=naming, source=sdk}
09:53:36:237  INFO 3344 --- [main] com.alibaba.nacos.common.remote.client   : [c268bc61-4808-4b88-880f-d8302fb69dba] RpcClient init, ServerListFactory = com.alibaba.nacos.client.naming.core.ServerListManager
09:53:36:237  INFO 3344 --- [main] com.alibaba.nacos.common.remote.client   : [c268bc61-4808-4b88-880f-d8302fb69dba] Registry connection listener to current client:com.alibaba.nacos.client.naming.remote.gprc.redo.NamingGrpcRedoService
09:53:36:239  INFO 3344 --- [main] com.alibaba.nacos.common.remote.client   : [c268bc61-4808-4b88-880f-d8302fb69dba] Register server push request handler:com.alibaba.nacos.client.naming.remote.gprc.NamingPushRequestHandler
09:53:36:239  INFO 3344 --- [main] com.alibaba.nacos.common.remote.client   : [c268bc61-4808-4b88-880f-d8302fb69dba] Try to connect to server on start up, server: {serverIp = '192.168.31.128', server main port = 8848}
09:53:38:547  INFO 3344 --- [main] com.alibaba.nacos.common.remote.client   : [c268bc61-4808-4b88-880f-d8302fb69dba] Success to connect to server [192.168.31.128:8848] on start up, connectionId = 1715738018366_192.168.31.1_61262
09:53:38:547  INFO 3344 --- [com.alibaba.nacos.client.remote.worker] com.alibaba.nacos.common.remote.client   : [c268bc61-4808-4b88-880f-d8302fb69dba] Notify connected event to listeners.
09:53:38:547  INFO 3344 --- [main] com.alibaba.nacos.common.remote.client   : [c268bc61-4808-4b88-880f-d8302fb69dba] Register server push request handler:com.alibaba.nacos.common.remote.client.RpcClient$ConnectResetRequestHandler
09:53:38:549  INFO 3344 --- [main] com.alibaba.nacos.common.remote.client   : [c268bc61-4808-4b88-880f-d8302fb69dba] Register server push request handler:com.alibaba.nacos.common.remote.client.RpcClient$$Lambda$987/0x0000000800840040
09:53:38:594  INFO 3344 --- [main] o.s.b.w.embedded.tomcat.TomcatWebServer  : Tomcat started on port(s): 8083 (http) with context path ''
09:53:38:607  INFO 3344 --- [main] c.a.c.n.registry.NacosServiceRegistry    : nacos registry, DEFAULT_GROUP user-service 192.168.31.1:8083 register finished
09:53:39:146  INFO 3344 --- [nacos-grpc-client-executor-9] com.alibaba.nacos.common.remote.client   : [c268bc61-4808-4b88-880f-d8302fb69dba] Receive server push request, request = NotifySubscriberRequest, requestId = 40
09:53:39:151  INFO 3344 --- [nacos-grpc-client-executor-9] com.alibaba.nacos.common.remote.client   : [c268bc61-4808-4b88-880f-d8302fb69dba] Ack server push request, request = NotifySubscriberRequest, requestId = 40
09:53:39:173  INFO 3344 --- [main] d.s.w.p.DocumentationPluginsBootstrapper : Documentation plugins bootstrapped
09:53:39:173  INFO 3344 --- [main] d.s.w.p.DocumentationPluginsBootstrapper : Found 1 custom documentation plugin(s)
09:53:39:190  INFO 3344 --- [main] s.d.s.w.s.ApiListingReferenceScanner     : Scanning for api listing references
09:53:39:279  INFO 3344 --- [main] com.hmall.user.UserApplication           : Started UserApplication in 11.374 seconds (JVM running for 13.504)
10:15:59:707  WARN 3344 --- [Thread-7] c.a.n.common.http.HttpClientBeanHolder   : [HttpClientBeanHolder] Start destroying common HttpClient
10:15:59:707  WARN 3344 --- [Thread-4] c.a.nacos.common.notify.NotifyCenter     : [NotifyCenter] Start destroying Publisher
10:15:59:707  WARN 3344 --- [Thread-4] c.a.nacos.common.notify.NotifyCenter     : [NotifyCenter] Destruction of the end
10:15:59:710  WARN 3344 --- [Thread-7] c.a.n.common.http.HttpClientBeanHolder   : [HttpClientBeanHolder] Destruction of the end
10:16:00:407  INFO 3344 --- [SpringApplicationShutdownHook] c.a.c.n.registry.NacosServiceRegistry    : De-registering from Nacos Server now...
10:16:00:411  INFO 3344 --- [SpringApplicationShutdownHook] c.a.c.n.registry.NacosServiceRegistry    : De-registration finished.
10:16:00:737  INFO 3344 --- [SpringApplicationShutdownHook] com.alibaba.nacos.common.remote.client   : Shutdown rpc client, set status to shutdown
10:16:00:737  INFO 3344 --- [SpringApplicationShutdownHook] com.alibaba.nacos.common.remote.client   : Shutdown client event executor java.util.concurrent.ScheduledThreadPoolExecutor@3faa2452[Running, pool size = 2, active threads = 2, queued tasks = 0, completed tasks = 0]
10:16:00:737  INFO 3344 --- [SpringApplicationShutdownHook] com.alibaba.nacos.common.remote.client   : Close current connection 1715738018366_192.168.31.1_61262
10:16:00:737  INFO 3344 --- [nacos-grpc-client-executor-287] c.a.n.c.remote.client.grpc.GrpcClient    : [1715738018366_192.168.31.1_61262]Ignore complete event,isRunning:false,isAbandon=false
10:16:00:743  INFO 3344 --- [SpringApplicationShutdownHook] c.a.n.c.remote.client.grpc.GrpcClient    : Shutdown grpc executor java.util.concurrent.ThreadPoolExecutor@4a7d4628[Running, pool size = 5, active threads = 0, queued tasks = 0, completed tasks = 288]
14:48:31:791  INFO 15176 --- [main] com.hmall.user.UserApplication           : Starting UserApplication using Java 11.0.22 on Dpbiceps with PID 15176 (D:\JavaWeb\springcloud\hmall\user-service\target\classes started by Dp in D:\JavaWeb\springcloud\hmall)
14:48:31:797 DEBUG 15176 --- [main] com.hmall.user.UserApplication           : Running with Spring Boot v2.7.12, Spring v5.3.27
14:48:31:797  INFO 15176 --- [main] com.hmall.user.UserApplication           : The following 1 profile is active: "local"
14:48:32:909  INFO 15176 --- [main] o.s.cloud.context.scope.GenericScope     : BeanFactory id=58c2869f-cf47-3d1a-b328-e17115ad1ba6
14:48:33:300  INFO 15176 --- [main] o.s.b.w.embedded.tomcat.TomcatWebServer  : Tomcat initialized with port(s): 8083 (http)
14:48:33:300  INFO 15176 --- [main] o.a.catalina.core.AprLifecycleListener   : Loaded Apache Tomcat Native library [1.2.37] using APR version [1.7.4].
14:48:33:300  INFO 15176 --- [main] o.a.catalina.core.AprLifecycleListener   : APR capabilities: IPv6 [true], sendfile [true], accept filters [false], random [true], UDS [true].
14:48:33:300  INFO 15176 --- [main] o.a.catalina.core.AprLifecycleListener   : APR/OpenSSL configuration: useAprConnector [false], useOpenSSL [true]
14:48:33:306  INFO 15176 --- [main] o.a.catalina.core.AprLifecycleListener   : OpenSSL successfully initialized [OpenSSL 1.1.1u  30 May 2023]
14:48:33:317  INFO 15176 --- [main] o.apache.catalina.core.StandardService   : Starting service [Tomcat]
14:48:33:317  INFO 15176 --- [main] org.apache.catalina.core.StandardEngine  : Starting Servlet engine: [Apache Tomcat/9.0.75]
14:48:33:475  INFO 15176 --- [main] o.a.c.c.C.[Tomcat].[localhost].[/]       : Initializing Spring embedded WebApplicationContext
14:48:33:475  INFO 15176 --- [main] w.s.c.ServletWebServerApplicationContext : Root WebApplicationContext: initialization completed in 1636 ms
14:48:36:359  INFO 15176 --- [main] pertySourcedRequestMappingHandlerMapping : Mapped URL path [/v2/api-docs] onto method [springfox.documentation.swagger2.web.Swagger2ControllerWebMvc#getDocumentation(String, HttpServletRequest)]
14:48:37:901  INFO 15176 --- [main] com.alibaba.nacos.common.remote.client   : [RpcClientFactory] create a new rpc client of e9f9aa9d-2b8e-49be-9bc3-e7cd3798534b
14:48:37:964  INFO 15176 --- [main] org.reflections.Reflections              : Reflections took 35 ms to scan 1 urls, producing 3 keys and 6 values 
14:48:37:998  INFO 15176 --- [main] org.reflections.Reflections              : Reflections took 15 ms to scan 1 urls, producing 4 keys and 9 values 
14:48:38:016  INFO 15176 --- [main] org.reflections.Reflections              : Reflections took 14 ms to scan 1 urls, producing 3 keys and 10 values 
14:48:38:016  WARN 15176 --- [main] org.reflections.Reflections              : given scan urls are empty. set urls in the configuration
14:48:38:026  INFO 15176 --- [main] org.reflections.Reflections              : Reflections took 10 ms to scan 1 urls, producing 1 keys and 5 values 
14:48:38:041  INFO 15176 --- [main] org.reflections.Reflections              : Reflections took 11 ms to scan 1 urls, producing 1 keys and 7 values 
14:48:38:052  INFO 15176 --- [main] org.reflections.Reflections              : Reflections took 11 ms to scan 1 urls, producing 2 keys and 8 values 
14:48:38:055  WARN 15176 --- [main] org.reflections.Reflections              : given scan urls are empty. set urls in the configuration
14:48:38:055  INFO 15176 --- [main] com.alibaba.nacos.common.remote.client   : [e9f9aa9d-2b8e-49be-9bc3-e7cd3798534b] RpcClient init label, labels = {module=naming, source=sdk}
14:48:38:055  INFO 15176 --- [main] com.alibaba.nacos.common.remote.client   : [e9f9aa9d-2b8e-49be-9bc3-e7cd3798534b] RpcClient init, ServerListFactory = com.alibaba.nacos.client.naming.core.ServerListManager
14:48:38:058  INFO 15176 --- [main] com.alibaba.nacos.common.remote.client   : [e9f9aa9d-2b8e-49be-9bc3-e7cd3798534b] Registry connection listener to current client:com.alibaba.nacos.client.naming.remote.gprc.redo.NamingGrpcRedoService
14:48:38:058  INFO 15176 --- [main] com.alibaba.nacos.common.remote.client   : [e9f9aa9d-2b8e-49be-9bc3-e7cd3798534b] Register server push request handler:com.alibaba.nacos.client.naming.remote.gprc.NamingPushRequestHandler
14:48:38:059  INFO 15176 --- [main] com.alibaba.nacos.common.remote.client   : [e9f9aa9d-2b8e-49be-9bc3-e7cd3798534b] Try to connect to server on start up, server: {serverIp = '192.168.31.128', server main port = 8848}
14:48:41:519  INFO 15176 --- [main] com.alibaba.nacos.common.remote.client   : [e9f9aa9d-2b8e-49be-9bc3-e7cd3798534b] Success to connect to server [192.168.31.128:8848] on start up, connectionId = 1715755721321_192.168.31.1_50391
14:48:41:519  INFO 15176 --- [com.alibaba.nacos.client.remote.worker] com.alibaba.nacos.common.remote.client   : [e9f9aa9d-2b8e-49be-9bc3-e7cd3798534b] Notify connected event to listeners.
14:48:41:519  INFO 15176 --- [main] com.alibaba.nacos.common.remote.client   : [e9f9aa9d-2b8e-49be-9bc3-e7cd3798534b] Register server push request handler:com.alibaba.nacos.common.remote.client.RpcClient$ConnectResetRequestHandler
14:48:41:519  INFO 15176 --- [main] com.alibaba.nacos.common.remote.client   : [e9f9aa9d-2b8e-49be-9bc3-e7cd3798534b] Register server push request handler:com.alibaba.nacos.common.remote.client.RpcClient$$Lambda$987/0x0000000800704440
14:48:41:584  INFO 15176 --- [main] o.s.b.w.embedded.tomcat.TomcatWebServer  : Tomcat started on port(s): 8083 (http) with context path ''
14:48:41:597  INFO 15176 --- [main] c.a.c.n.registry.NacosServiceRegistry    : nacos registry, DEFAULT_GROUP user-service 192.168.31.1:8083 register finished
14:48:42:068  INFO 15176 --- [nacos-grpc-client-executor-10] com.alibaba.nacos.common.remote.client   : [e9f9aa9d-2b8e-49be-9bc3-e7cd3798534b] Receive server push request, request = NotifySubscriberRequest, requestId = 60
14:48:42:072  INFO 15176 --- [nacos-grpc-client-executor-10] com.alibaba.nacos.common.remote.client   : [e9f9aa9d-2b8e-49be-9bc3-e7cd3798534b] Ack server push request, request = NotifySubscriberRequest, requestId = 60
14:48:42:161  INFO 15176 --- [main] d.s.w.p.DocumentationPluginsBootstrapper : Documentation plugins bootstrapped
14:48:42:161  INFO 15176 --- [main] d.s.w.p.DocumentationPluginsBootstrapper : Found 1 custom documentation plugin(s)
14:48:42:183  INFO 15176 --- [main] s.d.s.w.s.ApiListingReferenceScanner     : Scanning for api listing references
14:48:42:273  INFO 15176 --- [main] com.hmall.user.UserApplication           : Started UserApplication in 11.556 seconds (JVM running for 12.529)
14:52:12:490  WARN 15176 --- [Thread-4] c.a.nacos.common.notify.NotifyCenter     : [NotifyCenter] Start destroying Publisher
14:52:12:490  WARN 15176 --- [Thread-7] c.a.n.common.http.HttpClientBeanHolder   : [HttpClientBeanHolder] Start destroying common HttpClient
14:52:12:490  WARN 15176 --- [Thread-4] c.a.nacos.common.notify.NotifyCenter     : [NotifyCenter] Destruction of the end
14:52:12:490  WARN 15176 --- [Thread-7] c.a.n.common.http.HttpClientBeanHolder   : [HttpClientBeanHolder] Destruction of the end
14:52:12:933  INFO 15176 --- [SpringApplicationShutdownHook] c.a.c.n.registry.NacosServiceRegistry    : De-registering from Nacos Server now...
14:52:12:934  INFO 15176 --- [SpringApplicationShutdownHook] c.a.c.n.registry.NacosServiceRegistry    : De-registration finished.
14:52:13:267  INFO 15176 --- [SpringApplicationShutdownHook] com.alibaba.nacos.common.remote.client   : Shutdown rpc client, set status to shutdown
14:52:13:267  INFO 15176 --- [SpringApplicationShutdownHook] com.alibaba.nacos.common.remote.client   : Shutdown client event executor java.util.concurrent.ScheduledThreadPoolExecutor@1322ddf4[Running, pool size = 2, active threads = 2, queued tasks = 0, completed tasks = 0]
14:52:13:267  INFO 15176 --- [SpringApplicationShutdownHook] com.alibaba.nacos.common.remote.client   : Close current connection 1715755721321_192.168.31.1_50391
14:52:13:267  INFO 15176 --- [nacos-grpc-client-executor-57] c.a.n.c.remote.client.grpc.GrpcClient    : [1715755721321_192.168.31.1_50391]Ignore complete event,isRunning:false,isAbandon=false
14:52:13:267  INFO 15176 --- [SpringApplicationShutdownHook] c.a.n.c.remote.client.grpc.GrpcClient    : Shutdown grpc executor java.util.concurrent.ThreadPoolExecutor@6e0c4c75[Running, pool size = 5, active threads = 0, queued tasks = 0, completed tasks = 58]
